c:\users\mccv9\source\repos\bio_szkielet_06_win\debug\vc142.pdb
c:\users\mccv9\source\repos\bio_szkielet_06_win\debug\vc142.idb
c:\users\mccv9\source\repos\bio_szkielet_06_win\debug\torus.obj
c:\users\mccv9\source\repos\bio_szkielet_06_win\debug\teapot.obj
c:\users\mccv9\source\repos\bio_szkielet_06_win\debug\sphere.obj
c:\users\mccv9\source\repos\bio_szkielet_06_win\debug\shaderprogram.obj
c:\users\mccv9\source\repos\bio_szkielet_06_win\debug\model.obj
c:\users\mccv9\source\repos\bio_szkielet_06_win\debug\main_file.obj
c:\users\mccv9\source\repos\bio_szkielet_06_win\debug\lodepng.obj
c:\users\mccv9\source\repos\bio_szkielet_06_win\debug\imgui_widgets.obj
c:\users\mccv9\source\repos\bio_szkielet_06_win\debug\imgui_tables.obj
c:\users\mccv9\source\repos\bio_szkielet_06_win\debug\imgui_impl_opengl3.obj
c:\users\mccv9\source\repos\bio_szkielet_06_win\debug\imgui_impl_glfw.obj
c:\users\mccv9\source\repos\bio_szkielet_06_win\debug\imgui_draw.obj
c:\users\mccv9\source\repos\bio_szkielet_06_win\debug\imgui_demo.obj
c:\users\mccv9\source\repos\bio_szkielet_06_win\debug\cube.obj
c:\users\mccv9\source\repos\bio_szkielet_06_win\debug\bio_szkielet_06_win.pdb
c:\users\mccv9\source\repos\bio_szkielet_06_win\debug\bio_szki.7288c82c.tlog\cl.command.1.tlog
c:\users\mccv9\source\repos\bio_szkielet_06_win\debug\bio_szki.7288c82c.tlog\cl.read.1.tlog
c:\users\mccv9\source\repos\bio_szkielet_06_win\debug\bio_szki.7288c82c.tlog\cl.write.1.tlog
c:\users\mccv9\source\repos\bio_szkielet_06_win\debug\bio_szki.7288c82c.tlog\link-cvtres.read.1.tlog
c:\users\mccv9\source\repos\bio_szkielet_06_win\debug\bio_szki.7288c82c.tlog\link-cvtres.write.1.tlog
c:\users\mccv9\source\repos\bio_szkielet_06_win\debug\bio_szki.7288c82c.tlog\link-rc.read.1.tlog
c:\users\mccv9\source\repos\bio_szkielet_06_win\debug\bio_szki.7288c82c.tlog\link-rc.write.1.tlog
c:\users\mccv9\source\repos\bio_szkielet_06_win\debug\bio_szki.7288c82c.tlog\link.command.1.tlog
c:\users\mccv9\source\repos\bio_szkielet_06_win\debug\bio_szki.7288c82c.tlog\link.read.1.tlog
c:\users\mccv9\source\repos\bio_szkielet_06_win\debug\bio_szki.7288c82c.tlog\link.write.1.tlog
